3D Objects/
AppData/
Application Data@
Contacts/
Cookies@
Desktop/
Documents/
Downloads/
Favorites/
fernanda.labso.meutrabalho/
labso.2019.trab.av1/
Links/
Local Settings@
MicrosoftEdgeBackups/
Music/
My Documents@
NetHood@
NTUSER.DAT
ntuser.dat.LOG1
ntuser.dat.LOG2
NTUSER.DAT{1c3790b4-b8ad-11e8-aa21-e41d2d101530}.TM.blf
NTUSER.DAT{1c3790b4-b8ad-11e8-aa21-e41d2d101530}.TMContainer00000000000000000001.regtrans-ms
NTUSER.DAT{1c3790b4-b8ad-11e8-aa21-e41d2d101530}.TMContainer00000000000000000002.regtrans-ms
ntuser.ini
OneDrive/
Pictures/
PrintHood@
Recent@
Saved Games/
Searches/
SendTo@
Start Menu@
Templates@
Videos/
